2026-01-21 16:09:49,792 [WARNING] NVIDIA GPU found but NVML failed to initialize: NVML Shared Library Not Found
2026-01-21 16:10:05,653 [INFO] Arbitrage_Pulse: {"cpu_utilization_percent": 18.3, "memory_utilization_percent": 70.7, "power_mw": 165.0, "mode": "PHYSICAL", "gpu": null, "profit_hr": 2.2275000000000003e-05, "yield": 9.9e-06}
2026-01-21 16:10:12,206 [INFO] Arbitrage_Pulse: {"cpu_utilization_percent": 5.6, "memory_utilization_percent": 70.4, "power_mw": 62.0, "mode": "PHYSICAL", "gpu": null, "profit_hr": 8.370000000000001e-06, "yield": 3.72e-06}
2026-01-21 16:10:18,767 [INFO] Arbitrage_Pulse: {"cpu_utilization_percent": 5.8, "memory_utilization_percent": 70.4, "power_mw": 203.0, "mode": "PHYSICAL", "gpu": null, "profit_hr": 2.7405000000000003e-05, "yield": 1.2180000000000002e-05}
2026-01-21 16:10:25,339 [INFO] Arbitrage_Pulse: {"cpu_utilization_percent": 7.9, "memory_utilization_percent": 70.6, "power_mw": 92.0, "mode": "PHYSICAL", "gpu": null, "profit_hr": 1.2420000000000001e-05, "yield": 5.52e-06}
2026-01-21 16:10:31,916 [INFO] Arbitrage_Pulse: {"cpu_utilization_percent": 6.7, "memory_utilization_percent": 70.7, "power_mw": 140.0, "mode": "PHYSICAL", "gpu": null, "profit_hr": 1.89e-05, "yield": 8.4e-06}
2026-01-21 16:10:38,463 [INFO] Arbitrage_Pulse: {"cpu_utilization_percent": 10.7, "memory_utilization_percent": 70.9, "power_mw": 2166.0, "mode": "PHYSICAL", "gpu": null, "profit_hr": 0.00029241, "yield": 0.00012996}
2026-01-21 16:10:45,031 [INFO] Arbitrage_Pulse: {"cpu_utilization_percent": 20.0, "memory_utilization_percent": 70.6, "power_mw": 491.0, "mode": "PHYSICAL", "gpu": null, "profit_hr": 6.6285e-05, "yield": 2.946e-05}
2026-01-21 16:10:51,608 [INFO] Arbitrage_Pulse: {"cpu_utilization_percent": 15.2, "memory_utilization_percent": 71.7, "power_mw": 345.0, "mode": "PHYSICAL", "gpu": null, "profit_hr": 4.6575e-05, "yield": 2.07e-05}
2026-01-21 16:10:58,217 [INFO] Arbitrage_Pulse: {"cpu_utilization_percent": 10.6, "memory_utilization_percent": 71.1, "power_mw": 1088.0, "mode": "PHYSICAL", "gpu": null, "profit_hr": 0.00014688, "yield": 6.528000000000001e-05}
2026-01-21 16:11:04,800 [INFO] Arbitrage_Pulse: {"cpu_utilization_percent": 16.4, "memory_utilization_percent": 71.6, "power_mw": 804.0, "mode": "PHYSICAL", "gpu": null, "profit_hr": 0.00010854000000000001, "yield": 4.8240000000000006e-05}
2026-01-21 16:11:11,363 [INFO] Arbitrage_Pulse: {"cpu_utilization_percent": 14.4, "memory_utilization_percent": 71.8, "power_mw": 669.0, "mode": "PHYSICAL", "gpu": null, "profit_hr": 9.0315e-05, "yield": 4.0140000000000005e-05}
2026-01-21 16:11:17,935 [INFO] Arbitrage_Pulse: {"cpu_utilization_percent": 13.9, "memory_utilization_percent": 72.0, "power_mw": 550.0, "mode": "PHYSICAL", "gpu": null, "profit_hr": 7.425000000000002e-05, "yield": 3.3e-05}
2026-01-21 16:11:24,506 [INFO] Arbitrage_Pulse: {"cpu_utilization_percent": 12.2, "memory_utilization_percent": 71.6, "power_mw": 538.0, "mode": "PHYSICAL", "gpu": null, "profit_hr": 7.263e-05, "yield": 3.2279999999999996e-05}
2026-01-21 16:11:31,080 [INFO] Arbitrage_Pulse: {"cpu_utilization_percent": 12.0, "memory_utilization_percent": 71.6, "power_mw": 501.0, "mode": "PHYSICAL", "gpu": null, "profit_hr": 6.763500000000001e-05, "yield": 3.006e-05}
2026-01-21 16:11:37,667 [INFO] Arbitrage_Pulse: {"cpu_utilization_percent": 10.6, "memory_utilization_percent": 71.6, "power_mw": 394.0, "mode": "PHYSICAL", "gpu": null, "profit_hr": 5.3190000000000004e-05, "yield": 2.3639999999999997e-05}
2026-01-21 16:11:44,240 [INFO] Arbitrage_Pulse: {"cpu_utilization_percent": 10.2, "memory_utilization_percent": 71.6, "power_mw": 1735.0, "mode": "PHYSICAL", "gpu": null, "profit_hr": 0.00023422500000000001, "yield": 0.00010410000000000001}
2026-01-21 16:11:50,801 [INFO] Arbitrage_Pulse: {"cpu_utilization_percent": 16.0, "memory_utilization_percent": 71.7, "power_mw": 437.0, "mode": "PHYSICAL", "gpu": null, "profit_hr": 5.8995e-05, "yield": 2.622e-05}
2026-01-21 16:11:57,376 [INFO] Arbitrage_Pulse: {"cpu_utilization_percent": 9.7, "memory_utilization_percent": 71.6, "power_mw": 1154.0, "mode": "PHYSICAL", "gpu": null, "profit_hr": 0.00015579000000000002, "yield": 6.924000000000001e-05}
2026-01-21 16:12:03,948 [INFO] Arbitrage_Pulse: {"cpu_utilization_percent": 14.7, "memory_utilization_percent": 71.6, "power_mw": 1252.0, "mode": "PHYSICAL", "gpu": null, "profit_hr": 0.00016902000000000003, "yield": 7.512e-05}
2026-01-21 16:12:10,527 [INFO] Arbitrage_Pulse: {"cpu_utilization_percent": 15.3, "memory_utilization_percent": 72.0, "power_mw": 900.0, "mode": "PHYSICAL", "gpu": null, "profit_hr": 0.0001215, "yield": 5.4000000000000005e-05}
2026-01-21 16:12:17,112 [INFO] Arbitrage_Pulse: {"cpu_utilization_percent": 13.6, "memory_utilization_percent": 71.8, "power_mw": 1147.0, "mode": "PHYSICAL", "gpu": null, "profit_hr": 0.000154845, "yield": 6.882000000000001e-05}
2026-01-21 16:12:23,684 [INFO] Arbitrage_Pulse: {"cpu_utilization_percent": 16.3, "memory_utilization_percent": 70.7, "power_mw": 1864.0, "mode": "PHYSICAL", "gpu": null, "profit_hr": 0.00025164, "yield": 0.00011184}
2026-01-21 16:12:30,276 [INFO] Arbitrage_Pulse: {"cpu_utilization_percent": 14.5, "memory_utilization_percent": 70.7, "power_mw": 1180.0, "mode": "PHYSICAL", "gpu": null, "profit_hr": 0.00015930000000000002, "yield": 7.080000000000001e-05}
2026-01-21 16:12:36,848 [INFO] Arbitrage_Pulse: {"cpu_utilization_percent": 12.9, "memory_utilization_percent": 71.0, "power_mw": 99.0, "mode": "PHYSICAL", "gpu": null, "profit_hr": 1.3365e-05, "yield": 5.94e-06}
2026-01-21 16:12:43,423 [INFO] Arbitrage_Pulse: {"cpu_utilization_percent": 6.6, "memory_utilization_percent": 70.8, "power_mw": 38.0, "mode": "PHYSICAL", "gpu": null, "profit_hr": 5.130000000000001e-06, "yield": 2.28e-06}
2026-01-21 16:12:49,999 [INFO] Arbitrage_Pulse: {"cpu_utilization_percent": 4.9, "memory_utilization_percent": 70.3, "power_mw": 124.0, "mode": "PHYSICAL", "gpu": null, "profit_hr": 1.6740000000000002e-05, "yield": 7.44e-06}
2026-01-21 16:12:56,571 [INFO] Arbitrage_Pulse: {"cpu_utilization_percent": 6.8, "memory_utilization_percent": 70.7, "power_mw": 26.0, "mode": "PHYSICAL", "gpu": null, "profit_hr": 3.51e-06, "yield": 1.5599999999999999e-06}
2026-01-21 16:13:03,145 [INFO] Arbitrage_Pulse: {"cpu_utilization_percent": 4.1, "memory_utilization_percent": 70.5, "power_mw": 42.0, "mode": "PHYSICAL", "gpu": null, "profit_hr": 5.67e-06, "yield": 2.52e-06}
2026-01-21 16:13:09,716 [INFO] Arbitrage_Pulse: {"cpu_utilization_percent": 6.0, "memory_utilization_percent": 70.5, "power_mw": 228.0, "mode": "PHYSICAL", "gpu": null, "profit_hr": 3.078000000000001e-05, "yield": 1.3680000000000001e-05}
2026-01-21 16:13:16,287 [INFO] Arbitrage_Pulse: {"cpu_utilization_percent": 9.7, "memory_utilization_percent": 71.9, "power_mw": 1195.0, "mode": "PHYSICAL", "gpu": null, "profit_hr": 0.00016132500000000003, "yield": 7.170000000000001e-05}
2026-01-21 16:13:22,866 [INFO] Arbitrage_Pulse: {"cpu_utilization_percent": 13.8, "memory_utilization_percent": 71.9, "power_mw": 73.0, "mode": "PHYSICAL", "gpu": null, "profit_hr": 9.855000000000001e-06, "yield": 4.3799999999999996e-06}
2026-01-21 16:13:29,438 [INFO] Arbitrage_Pulse: {"cpu_utilization_percent": 7.0, "memory_utilization_percent": 71.3, "power_mw": 366.0, "mode": "PHYSICAL", "gpu": null, "profit_hr": 4.941e-05, "yield": 2.196e-05}
2026-01-21 16:13:36,017 [INFO] Arbitrage_Pulse: {"cpu_utilization_percent": 13.5, "memory_utilization_percent": 71.7, "power_mw": 312.0, "mode": "PHYSICAL", "gpu": null, "profit_hr": 4.212e-05, "yield": 1.872e-05}
2026-01-21 16:13:42,593 [INFO] Arbitrage_Pulse: {"cpu_utilization_percent": 11.1, "memory_utilization_percent": 71.7, "power_mw": 371.0, "mode": "PHYSICAL", "gpu": null, "profit_hr": 5.0085000000000006e-05, "yield": 2.226e-05}
2026-01-21 16:13:49,170 [INFO] Arbitrage_Pulse: {"cpu_utilization_percent": 10.9, "memory_utilization_percent": 70.9, "power_mw": 37.0, "mode": "PHYSICAL", "gpu": null, "profit_hr": 4.9950000000000005e-06, "yield": 2.22e-06}
2026-01-21 16:13:55,741 [INFO] Arbitrage_Pulse: {"cpu_utilization_percent": 5.8, "memory_utilization_percent": 70.6, "power_mw": 57.0, "mode": "PHYSICAL", "gpu": null, "profit_hr": 7.695000000000002e-06, "yield": 3.4200000000000003e-06}
2026-01-21 16:14:02,316 [INFO] Arbitrage_Pulse: {"cpu_utilization_percent": 6.3, "memory_utilization_percent": 70.8, "power_mw": 184.0, "mode": "PHYSICAL", "gpu": null, "profit_hr": 2.4840000000000003e-05, "yield": 1.104e-05}
2026-01-21 16:14:08,893 [INFO] Arbitrage_Pulse: {"cpu_utilization_percent": 8.7, "memory_utilization_percent": 71.1, "power_mw": 131.0, "mode": "PHYSICAL", "gpu": null, "profit_hr": 1.7685000000000004e-05, "yield": 7.860000000000001e-06}
2026-01-21 16:14:15,471 [INFO] Arbitrage_Pulse: {"cpu_utilization_percent": 7.6, "memory_utilization_percent": 70.7, "power_mw": 60.0, "mode": "PHYSICAL", "gpu": null, "profit_hr": 8.1e-06, "yield": 3.6000000000000003e-06}
2026-01-21 16:14:22,033 [INFO] Arbitrage_Pulse: {"cpu_utilization_percent": 7.2, "memory_utilization_percent": 70.6, "power_mw": 708.0, "mode": "PHYSICAL", "gpu": null, "profit_hr": 9.558e-05, "yield": 4.248e-05}
2026-01-21 16:14:28,634 [INFO] Arbitrage_Pulse: {"cpu_utilization_percent": 13.5, "memory_utilization_percent": 72.2, "power_mw": 312.0, "mode": "PHYSICAL", "gpu": null, "profit_hr": 4.212e-05, "yield": 1.872e-05}
2026-01-21 16:14:35,217 [INFO] Arbitrage_Pulse: {"cpu_utilization_percent": 11.1, "memory_utilization_percent": 71.4, "power_mw": 170.0, "mode": "PHYSICAL", "gpu": null, "profit_hr": 2.2950000000000002e-05, "yield": 1.02e-05}
2026-01-21 16:14:41,793 [INFO] Arbitrage_Pulse: {"cpu_utilization_percent": 9.4, "memory_utilization_percent": 71.5, "power_mw": 236.0, "mode": "PHYSICAL", "gpu": null, "profit_hr": 3.186e-05, "yield": 1.416e-05}
2026-01-21 16:14:48,366 [INFO] Arbitrage_Pulse: {"cpu_utilization_percent": 10.0, "memory_utilization_percent": 71.4, "power_mw": 220.0, "mode": "PHYSICAL", "gpu": null, "profit_hr": 2.9700000000000004e-05, "yield": 1.32e-05}
2026-01-21 16:14:54,932 [INFO] Arbitrage_Pulse: {"cpu_utilization_percent": 10.5, "memory_utilization_percent": 71.5, "power_mw": 151.0, "mode": "PHYSICAL", "gpu": null, "profit_hr": 2.0385000000000002e-05, "yield": 9.060000000000001e-06}
2026-01-21 16:15:01,579 [INFO] Arbitrage_Pulse: {"cpu_utilization_percent": 9.3, "memory_utilization_percent": 71.1, "power_mw": 1303.0, "mode": "PHYSICAL", "gpu": null, "profit_hr": 0.000175905, "yield": 7.818e-05}
2026-01-21 16:15:08,156 [INFO] Arbitrage_Pulse: {"cpu_utilization_percent": 25.5, "memory_utilization_percent": 71.9, "power_mw": 336.0, "mode": "PHYSICAL", "gpu": null, "profit_hr": 4.536e-05, "yield": 2.016e-05}
2026-01-21 16:15:14,730 [INFO] Arbitrage_Pulse: {"cpu_utilization_percent": 14.7, "memory_utilization_percent": 71.3, "power_mw": 165.0, "mode": "PHYSICAL", "gpu": null, "profit_hr": 2.2275000000000003e-05, "yield": 9.9e-06}
2026-01-21 16:15:21,307 [INFO] Arbitrage_Pulse: {"cpu_utilization_percent": 12.3, "memory_utilization_percent": 71.2, "power_mw": 168.0, "mode": "PHYSICAL", "gpu": null, "profit_hr": 2.268e-05, "yield": 1.008e-05}
2026-01-21 16:15:27,880 [INFO] Arbitrage_Pulse: {"cpu_utilization_percent": 12.0, "memory_utilization_percent": 71.3, "power_mw": 278.0, "mode": "PHYSICAL", "gpu": null, "profit_hr": 3.753e-05, "yield": 1.668e-05}
2026-01-21 16:15:34,453 [INFO] Arbitrage_Pulse: {"cpu_utilization_percent": 12.5, "memory_utilization_percent": 71.2, "power_mw": 276.0, "mode": "PHYSICAL", "gpu": null, "profit_hr": 3.726e-05, "yield": 1.6559999999999997e-05}
2026-01-21 16:15:41,026 [INFO] Arbitrage_Pulse: {"cpu_utilization_percent": 11.8, "memory_utilization_percent": 71.3, "power_mw": 167.0, "mode": "PHYSICAL", "gpu": null, "profit_hr": 2.2545000000000002e-05, "yield": 1.0019999999999999e-05}
2026-01-21 16:15:47,652 [INFO] Arbitrage_Pulse: {"cpu_utilization_percent": 12.6, "memory_utilization_percent": 71.2, "power_mw": 154.0, "mode": "PHYSICAL", "gpu": null, "profit_hr": 2.0790000000000003e-05, "yield": 9.24e-06}
2026-01-21 16:15:54,253 [INFO] Arbitrage_Pulse: {"cpu_utilization_percent": 15.5, "memory_utilization_percent": 73.5, "power_mw": 358.0, "mode": "PHYSICAL", "gpu": null, "profit_hr": 4.833e-05, "yield": 2.148e-05}
2026-01-21 16:16:00,857 [INFO] Arbitrage_Pulse: {"cpu_utilization_percent": 13.5, "memory_utilization_percent": 71.5, "power_mw": 171.0, "mode": "PHYSICAL", "gpu": null, "profit_hr": 2.3085000000000003e-05, "yield": 1.0260000000000002e-05}
2026-01-21 16:16:07,443 [INFO] Arbitrage_Pulse: {"cpu_utilization_percent": 13.2, "memory_utilization_percent": 72.2, "power_mw": 541.0, "mode": "PHYSICAL", "gpu": null, "profit_hr": 7.303500000000001e-05, "yield": 3.2460000000000004e-05}
2026-01-21 16:16:14,018 [INFO] Arbitrage_Pulse: {"cpu_utilization_percent": 17.0, "memory_utilization_percent": 71.0, "power_mw": 287.0, "mode": "PHYSICAL", "gpu": null, "profit_hr": 3.8745e-05, "yield": 1.7219999999999998e-05}
2026-01-21 16:16:20,590 [INFO] Arbitrage_Pulse: {"cpu_utilization_percent": 12.0, "memory_utilization_percent": 71.0, "power_mw": 272.0, "mode": "PHYSICAL", "gpu": null, "profit_hr": 3.672e-05, "yield": 1.6320000000000003e-05}
2026-01-21 16:16:27,164 [INFO] Arbitrage_Pulse: {"cpu_utilization_percent": 12.5, "memory_utilization_percent": 70.9, "power_mw": 270.0, "mode": "PHYSICAL", "gpu": null, "profit_hr": 3.6450000000000005e-05, "yield": 1.62e-05}
2026-01-21 16:16:33,735 [INFO] Arbitrage_Pulse: {"cpu_utilization_percent": 13.4, "memory_utilization_percent": 70.9, "power_mw": 140.0, "mode": "PHYSICAL", "gpu": null, "profit_hr": 1.89e-05, "yield": 8.4e-06}
2026-01-21 16:16:40,306 [INFO] Arbitrage_Pulse: {"cpu_utilization_percent": 12.1, "memory_utilization_percent": 70.8, "power_mw": 268.0, "mode": "PHYSICAL", "gpu": null, "profit_hr": 3.618e-05, "yield": 1.6080000000000002e-05}
2026-01-21 16:16:46,878 [INFO] Arbitrage_Pulse: {"cpu_utilization_percent": 12.0, "memory_utilization_percent": 70.8, "power_mw": 284.0, "mode": "PHYSICAL", "gpu": null, "profit_hr": 3.834e-05, "yield": 1.7040000000000003e-05}
2026-01-21 16:16:53,452 [INFO] Arbitrage_Pulse: {"cpu_utilization_percent": 11.9, "memory_utilization_percent": 70.6, "power_mw": 274.0, "mode": "PHYSICAL", "gpu": null, "profit_hr": 3.699e-05, "yield": 1.644e-05}
2026-01-21 16:17:00,026 [INFO] Arbitrage_Pulse: {"cpu_utilization_percent": 11.9, "memory_utilization_percent": 70.6, "power_mw": 163.0, "mode": "PHYSICAL", "gpu": null, "profit_hr": 2.2005000000000004e-05, "yield": 9.780000000000001e-06}
2026-01-21 16:17:06,603 [INFO] Arbitrage_Pulse: {"cpu_utilization_percent": 12.9, "memory_utilization_percent": 70.6, "power_mw": 306.0, "mode": "PHYSICAL", "gpu": null, "profit_hr": 4.131e-05, "yield": 1.836e-05}
2026-01-21 16:17:13,177 [INFO] Arbitrage_Pulse: {"cpu_utilization_percent": 19.6, "memory_utilization_percent": 70.2, "power_mw": 168.0, "mode": "PHYSICAL", "gpu": null, "profit_hr": 2.268e-05, "yield": 1.008e-05}
2026-01-21 16:17:19,748 [INFO] Arbitrage_Pulse: {"cpu_utilization_percent": 13.4, "memory_utilization_percent": 70.2, "power_mw": 159.0, "mode": "PHYSICAL", "gpu": null, "profit_hr": 2.1465e-05, "yield": 9.54e-06}
2026-01-21 16:17:26,358 [INFO] Arbitrage_Pulse: {"cpu_utilization_percent": 11.1, "memory_utilization_percent": 70.2, "power_mw": 155.0, "mode": "PHYSICAL", "gpu": null, "profit_hr": 2.0925e-05, "yield": 9.3e-06}
2026-01-21 16:17:32,921 [INFO] Arbitrage_Pulse: {"cpu_utilization_percent": 12.6, "memory_utilization_percent": 70.2, "power_mw": 173.0, "mode": "PHYSICAL", "gpu": null, "profit_hr": 2.3355000000000003e-05, "yield": 1.038e-05}
2026-01-21 16:17:39,494 [INFO] Arbitrage_Pulse: {"cpu_utilization_percent": 15.0, "memory_utilization_percent": 70.5, "power_mw": 72.0, "mode": "PHYSICAL", "gpu": null, "profit_hr": 9.72e-06, "yield": 4.320000000000001e-06}
2026-01-21 16:17:46,063 [INFO] Arbitrage_Pulse: {"cpu_utilization_percent": 6.4, "memory_utilization_percent": 70.6, "power_mw": 33.0, "mode": "PHYSICAL", "gpu": null, "profit_hr": 4.4550000000000005e-06, "yield": 1.98e-06}
2026-01-21 16:17:52,637 [INFO] Arbitrage_Pulse: {"cpu_utilization_percent": 4.4, "memory_utilization_percent": 70.2, "power_mw": 84.0, "mode": "PHYSICAL", "gpu": null, "profit_hr": 1.134e-05, "yield": 5.04e-06}
2026-01-21 16:17:59,212 [INFO] Arbitrage_Pulse: {"cpu_utilization_percent": 3.9, "memory_utilization_percent": 70.2, "power_mw": 27.0, "mode": "PHYSICAL", "gpu": null, "profit_hr": 3.6450000000000003e-06, "yield": 1.62e-06}
2026-01-21 16:18:05,786 [INFO] Arbitrage_Pulse: {"cpu_utilization_percent": 3.9, "memory_utilization_percent": 70.2, "power_mw": 24.0, "mode": "PHYSICAL", "gpu": null, "profit_hr": 3.2400000000000003e-06, "yield": 1.44e-06}
2026-01-21 16:18:12,356 [INFO] Arbitrage_Pulse: {"cpu_utilization_percent": 3.5, "memory_utilization_percent": 70.2, "power_mw": 26.0, "mode": "PHYSICAL", "gpu": null, "profit_hr": 3.51e-06, "yield": 1.5599999999999999e-06}
2026-01-21 16:18:18,930 [INFO] Arbitrage_Pulse: {"cpu_utilization_percent": 3.7, "memory_utilization_percent": 70.2, "power_mw": 23.0, "mode": "PHYSICAL", "gpu": null, "profit_hr": 3.1050000000000003e-06, "yield": 1.38e-06}
2026-01-21 16:18:25,500 [INFO] Arbitrage_Pulse: {"cpu_utilization_percent": 3.5, "memory_utilization_percent": 70.2, "power_mw": 28.0, "mode": "PHYSICAL", "gpu": null, "profit_hr": 3.7800000000000002e-06, "yield": 1.68e-06}
2026-01-21 16:18:32,124 [INFO] Arbitrage_Pulse: {"cpu_utilization_percent": 3.7, "memory_utilization_percent": 70.3, "power_mw": 29.0, "mode": "PHYSICAL", "gpu": null, "profit_hr": 3.915000000000001e-06, "yield": 1.74e-06}
2026-01-21 16:18:38,697 [INFO] Arbitrage_Pulse: {"cpu_utilization_percent": 4.8, "memory_utilization_percent": 70.2, "power_mw": 69.0, "mode": "PHYSICAL", "gpu": null, "profit_hr": 9.315e-06, "yield": 4.139999999999999e-06}
2026-01-21 16:18:45,273 [INFO] Arbitrage_Pulse: {"cpu_utilization_percent": 3.8, "memory_utilization_percent": 70.3, "power_mw": 22.0, "mode": "PHYSICAL", "gpu": null, "profit_hr": 2.97e-06, "yield": 1.3199999999999999e-06}
2026-01-21 16:18:51,844 [INFO] Arbitrage_Pulse: {"cpu_utilization_percent": 3.4, "memory_utilization_percent": 70.2, "power_mw": 26.0, "mode": "PHYSICAL", "gpu": null, "profit_hr": 3.51e-06, "yield": 1.5599999999999999e-06}
2026-01-21 16:18:58,419 [INFO] Arbitrage_Pulse: {"cpu_utilization_percent": 3.5, "memory_utilization_percent": 70.2, "power_mw": 39.0, "mode": "PHYSICAL", "gpu": null, "profit_hr": 5.265e-06, "yield": 2.34e-06}
2026-01-21 16:19:04,989 [INFO] Arbitrage_Pulse: {"cpu_utilization_percent": 5.6, "memory_utilization_percent": 70.2, "power_mw": 23.0, "mode": "PHYSICAL", "gpu": null, "profit_hr": 3.1050000000000003e-06, "yield": 1.38e-06}
2026-01-21 16:19:11,564 [INFO] Arbitrage_Pulse: {"cpu_utilization_percent": 3.3, "memory_utilization_percent": 70.2, "power_mw": 439.0, "mode": "PHYSICAL", "gpu": null, "profit_hr": 5.9265e-05, "yield": 2.6340000000000002e-05}
2026-01-21 16:19:18,138 [INFO] Arbitrage_Pulse: {"cpu_utilization_percent": 9.3, "memory_utilization_percent": 69.4, "power_mw": 1523.0, "mode": "PHYSICAL", "gpu": null, "profit_hr": 0.000205605, "yield": 9.138000000000001e-05}
2026-01-21 16:19:24,713 [INFO] Arbitrage_Pulse: {"cpu_utilization_percent": 15.7, "memory_utilization_percent": 71.0, "power_mw": 313.0, "mode": "PHYSICAL", "gpu": null, "profit_hr": 4.225500000000001e-05, "yield": 1.878e-05}
2026-01-21 16:19:31,287 [INFO] Arbitrage_Pulse: {"cpu_utilization_percent": 14.9, "memory_utilization_percent": 70.7, "power_mw": 220.0, "mode": "PHYSICAL", "gpu": null, "profit_hr": 2.9700000000000004e-05, "yield": 1.32e-05}
2026-01-21 16:19:37,855 [INFO] Arbitrage_Pulse: {"cpu_utilization_percent": 13.7, "memory_utilization_percent": 70.8, "power_mw": 153.0, "mode": "PHYSICAL", "gpu": null, "profit_hr": 2.0655e-05, "yield": 9.18e-06}
2026-01-21 16:19:44,426 [INFO] Arbitrage_Pulse: {"cpu_utilization_percent": 11.5, "memory_utilization_percent": 70.8, "power_mw": 279.0, "mode": "PHYSICAL", "gpu": null, "profit_hr": 3.7665000000000006e-05, "yield": 1.6740000000000002e-05}
2026-01-21 16:19:50,997 [INFO] Arbitrage_Pulse: {"cpu_utilization_percent": 13.0, "memory_utilization_percent": 70.7, "power_mw": 608.0, "mode": "PHYSICAL", "gpu": null, "profit_hr": 8.208000000000001e-05, "yield": 3.648e-05}
2026-01-21 16:19:57,570 [INFO] Arbitrage_Pulse: {"cpu_utilization_percent": 14.3, "memory_utilization_percent": 70.9, "power_mw": 263.0, "mode": "PHYSICAL", "gpu": null, "profit_hr": 3.5505e-05, "yield": 1.578e-05}
2026-01-21 16:20:04,142 [INFO] Arbitrage_Pulse: {"cpu_utilization_percent": 13.6, "memory_utilization_percent": 70.8, "power_mw": 146.0, "mode": "PHYSICAL", "gpu": null, "profit_hr": 1.9710000000000003e-05, "yield": 8.759999999999999e-06}
2026-01-21 16:20:10,718 [INFO] Arbitrage_Pulse: {"cpu_utilization_percent": 11.6, "memory_utilization_percent": 70.8, "power_mw": 258.0, "mode": "PHYSICAL", "gpu": null, "profit_hr": 3.483e-05, "yield": 1.548e-05}
2026-01-21 16:20:17,290 [INFO] Arbitrage_Pulse: {"cpu_utilization_percent": 11.4, "memory_utilization_percent": 70.8, "power_mw": 268.0, "mode": "PHYSICAL", "gpu": null, "profit_hr": 3.618e-05, "yield": 1.6080000000000002e-05}
2026-01-21 16:20:23,861 [INFO] Arbitrage_Pulse: {"cpu_utilization_percent": 11.7, "memory_utilization_percent": 70.8, "power_mw": 168.0, "mode": "PHYSICAL", "gpu": null, "profit_hr": 2.268e-05, "yield": 1.008e-05}
2026-01-21 16:20:30,437 [INFO] Arbitrage_Pulse: {"cpu_utilization_percent": 12.6, "memory_utilization_percent": 70.8, "power_mw": 167.0, "mode": "PHYSICAL", "gpu": null, "profit_hr": 2.2545000000000002e-05, "yield": 1.0019999999999999e-05}
2026-01-21 16:20:37,007 [INFO] Arbitrage_Pulse: {"cpu_utilization_percent": 12.3, "memory_utilization_percent": 70.8, "power_mw": 162.0, "mode": "PHYSICAL", "gpu": null, "profit_hr": 2.1870000000000002e-05, "yield": 9.72e-06}
2026-01-21 16:20:43,580 [INFO] Arbitrage_Pulse: {"cpu_utilization_percent": 11.9, "memory_utilization_percent": 70.8, "power_mw": 154.0, "mode": "PHYSICAL", "gpu": null, "profit_hr": 2.0790000000000003e-05, "yield": 9.24e-06}
2026-01-21 16:20:50,233 [INFO] Arbitrage_Pulse: {"cpu_utilization_percent": 10.9, "memory_utilization_percent": 70.8, "power_mw": 82.0, "mode": "PHYSICAL", "gpu": null, "profit_hr": 1.107e-05, "yield": 4.92e-06}
2026-01-21 16:20:56,808 [INFO] Arbitrage_Pulse: {"cpu_utilization_percent": 8.5, "memory_utilization_percent": 70.9, "power_mw": 37.0, "mode": "PHYSICAL", "gpu": null, "profit_hr": 4.9950000000000005e-06, "yield": 2.22e-06}
2026-01-21 16:21:03,377 [INFO] Arbitrage_Pulse: {"cpu_utilization_percent": 4.7, "memory_utilization_percent": 70.7, "power_mw": 405.0, "mode": "PHYSICAL", "gpu": null, "profit_hr": 5.4675e-05, "yield": 2.4299999999999998e-05}
2026-01-21 16:21:09,945 [INFO] Arbitrage_Pulse: {"cpu_utilization_percent": 12.4, "memory_utilization_percent": 71.1, "power_mw": 277.0, "mode": "PHYSICAL", "gpu": null, "profit_hr": 3.7395000000000004e-05, "yield": 1.6620000000000004e-05}
2026-01-21 16:21:16,519 [INFO] Arbitrage_Pulse: {"cpu_utilization_percent": 12.0, "memory_utilization_percent": 70.7, "power_mw": 274.0, "mode": "PHYSICAL", "gpu": null, "profit_hr": 3.699e-05, "yield": 1.644e-05}
2026-01-21 16:21:23,087 [INFO] Arbitrage_Pulse: {"cpu_utilization_percent": 12.6, "memory_utilization_percent": 70.7, "power_mw": 258.0, "mode": "PHYSICAL", "gpu": null, "profit_hr": 3.483e-05, "yield": 1.548e-05}
2026-01-21 16:21:29,662 [INFO] Arbitrage_Pulse: {"cpu_utilization_percent": 12.0, "memory_utilization_percent": 70.7, "power_mw": 267.0, "mode": "PHYSICAL", "gpu": null, "profit_hr": 3.6045e-05, "yield": 1.602e-05}
2026-01-21 16:21:36,232 [INFO] Arbitrage_Pulse: {"cpu_utilization_percent": 12.1, "memory_utilization_percent": 70.7, "power_mw": 268.0, "mode": "PHYSICAL", "gpu": null, "profit_hr": 3.618e-05, "yield": 1.6080000000000002e-05}
2026-01-21 16:21:42,802 [INFO] Arbitrage_Pulse: {"cpu_utilization_percent": 13.1, "memory_utilization_percent": 70.7, "power_mw": 263.0, "mode": "PHYSICAL", "gpu": null, "profit_hr": 3.5505e-05, "yield": 1.578e-05}
2026-01-21 16:21:49,377 [INFO] Arbitrage_Pulse: {"cpu_utilization_percent": 11.8, "memory_utilization_percent": 70.7, "power_mw": 275.0, "mode": "PHYSICAL", "gpu": null, "profit_hr": 3.712500000000001e-05, "yield": 1.65e-05}
2026-01-21 16:21:55,948 [INFO] Arbitrage_Pulse: {"cpu_utilization_percent": 12.1, "memory_utilization_percent": 70.8, "power_mw": 259.0, "mode": "PHYSICAL", "gpu": null, "profit_hr": 3.4965e-05, "yield": 1.554e-05}
2026-01-21 16:22:02,518 [INFO] Arbitrage_Pulse: {"cpu_utilization_percent": 11.4, "memory_utilization_percent": 70.7, "power_mw": 268.0, "mode": "PHYSICAL", "gpu": null, "profit_hr": 3.618e-05, "yield": 1.6080000000000002e-05}
2026-01-21 16:22:09,084 [INFO] Arbitrage_Pulse: {"cpu_utilization_percent": 12.1, "memory_utilization_percent": 70.7, "power_mw": 247.0, "mode": "PHYSICAL", "gpu": null, "profit_hr": 3.3345e-05, "yield": 1.482e-05}
2026-01-21 16:22:15,654 [INFO] Arbitrage_Pulse: {"cpu_utilization_percent": 11.3, "memory_utilization_percent": 70.7, "power_mw": 271.0, "mode": "PHYSICAL", "gpu": null, "profit_hr": 3.6584999999999996e-05, "yield": 1.6259999999999997e-05}
2026-01-21 16:22:22,225 [INFO] Arbitrage_Pulse: {"cpu_utilization_percent": 11.5, "memory_utilization_percent": 70.7, "power_mw": 169.0, "mode": "PHYSICAL", "gpu": null, "profit_hr": 2.2815e-05, "yield": 1.014e-05}
2026-01-21 16:22:28,791 [INFO] Arbitrage_Pulse: {"cpu_utilization_percent": 12.6, "memory_utilization_percent": 70.8, "power_mw": 265.0, "mode": "PHYSICAL", "gpu": null, "profit_hr": 3.5775e-05, "yield": 1.59e-05}
2026-01-21 16:22:35,360 [INFO] Arbitrage_Pulse: {"cpu_utilization_percent": 12.3, "memory_utilization_percent": 70.8, "power_mw": 151.0, "mode": "PHYSICAL", "gpu": null, "profit_hr": 2.0385000000000002e-05, "yield": 9.060000000000001e-06}
2026-01-21 16:22:41,988 [INFO] Arbitrage_Pulse: {"cpu_utilization_percent": 10.8, "memory_utilization_percent": 70.8, "power_mw": 148.0, "mode": "PHYSICAL", "gpu": null, "profit_hr": 1.9980000000000002e-05, "yield": 8.88e-06}
2026-01-21 16:22:48,609 [INFO] Arbitrage_Pulse: {"cpu_utilization_percent": 11.9, "memory_utilization_percent": 70.8, "power_mw": 144.0, "mode": "PHYSICAL", "gpu": null, "profit_hr": 1.944e-05, "yield": 8.640000000000002e-06}
2026-01-21 16:22:55,177 [INFO] Arbitrage_Pulse: {"cpu_utilization_percent": 12.7, "memory_utilization_percent": 70.8, "power_mw": 151.0, "mode": "PHYSICAL", "gpu": null, "profit_hr": 2.0385000000000002e-05, "yield": 9.060000000000001e-06}
2026-01-21 16:23:01,781 [INFO] Arbitrage_Pulse: {"cpu_utilization_percent": 11.1, "memory_utilization_percent": 70.8, "power_mw": 148.0, "mode": "PHYSICAL", "gpu": null, "profit_hr": 1.9980000000000002e-05, "yield": 8.88e-06}
2026-01-21 16:23:08,402 [INFO] Arbitrage_Pulse: {"cpu_utilization_percent": 12.0, "memory_utilization_percent": 70.8, "power_mw": 160.0, "mode": "PHYSICAL", "gpu": null, "profit_hr": 2.1600000000000003e-05, "yield": 9.600000000000001e-06}
2026-01-21 16:23:15,027 [INFO] Arbitrage_Pulse: {"cpu_utilization_percent": 12.1, "memory_utilization_percent": 70.7, "power_mw": 146.0, "mode": "PHYSICAL", "gpu": null, "profit_hr": 1.9710000000000003e-05, "yield": 8.759999999999999e-06}
2026-01-21 16:23:21,593 [INFO] Arbitrage_Pulse: {"cpu_utilization_percent": 11.7, "memory_utilization_percent": 70.7, "power_mw": 288.0, "mode": "PHYSICAL", "gpu": null, "profit_hr": 3.888e-05, "yield": 1.7280000000000004e-05}
2026-01-21 16:23:28,164 [INFO] Arbitrage_Pulse: {"cpu_utilization_percent": 13.6, "memory_utilization_percent": 70.7, "power_mw": 273.0, "mode": "PHYSICAL", "gpu": null, "profit_hr": 3.6855000000000005e-05, "yield": 1.6380000000000002e-05}
2026-01-21 16:23:34,738 [INFO] Arbitrage_Pulse: {"cpu_utilization_percent": 12.3, "memory_utilization_percent": 70.7, "power_mw": 271.0, "mode": "PHYSICAL", "gpu": null, "profit_hr": 3.6584999999999996e-05, "yield": 1.6259999999999997e-05}
2026-01-21 16:23:41,308 [INFO] Arbitrage_Pulse: {"cpu_utilization_percent": 11.7, "memory_utilization_percent": 70.7, "power_mw": 292.0, "mode": "PHYSICAL", "gpu": null, "profit_hr": 3.9420000000000005e-05, "yield": 1.7519999999999998e-05}
2026-01-21 16:23:47,881 [INFO] Arbitrage_Pulse: {"cpu_utilization_percent": 11.8, "memory_utilization_percent": 70.8, "power_mw": 271.0, "mode": "PHYSICAL", "gpu": null, "profit_hr": 3.6584999999999996e-05, "yield": 1.6259999999999997e-05}
2026-01-21 16:23:54,452 [INFO] Arbitrage_Pulse: {"cpu_utilization_percent": 12.2, "memory_utilization_percent": 70.7, "power_mw": 281.0, "mode": "PHYSICAL", "gpu": null, "profit_hr": 3.7935e-05, "yield": 1.686e-05}
2026-01-21 16:24:01,018 [INFO] Arbitrage_Pulse: {"cpu_utilization_percent": 12.7, "memory_utilization_percent": 71.1, "power_mw": 82.0, "mode": "PHYSICAL", "gpu": null, "profit_hr": 1.107e-05, "yield": 4.92e-06}
2026-01-21 16:24:07,595 [INFO] Arbitrage_Pulse: {"cpu_utilization_percent": 7.3, "memory_utilization_percent": 70.8, "power_mw": 154.0, "mode": "PHYSICAL", "gpu": null, "profit_hr": 2.0790000000000003e-05, "yield": 9.24e-06}
2026-01-21 16:24:14,170 [INFO] Arbitrage_Pulse: {"cpu_utilization_percent": 5.4, "memory_utilization_percent": 70.6, "power_mw": 34.0, "mode": "PHYSICAL", "gpu": null, "profit_hr": 4.59e-06, "yield": 2.0400000000000004e-06}
2026-01-21 16:24:20,742 [INFO] Arbitrage_Pulse: {"cpu_utilization_percent": 4.0, "memory_utilization_percent": 70.5, "power_mw": 26.0, "mode": "PHYSICAL", "gpu": null, "profit_hr": 3.51e-06, "yield": 1.5599999999999999e-06}
2026-01-21 16:24:27,316 [INFO] Arbitrage_Pulse: {"cpu_utilization_percent": 3.6, "memory_utilization_percent": 70.5, "power_mw": 29.0, "mode": "PHYSICAL", "gpu": null, "profit_hr": 3.915000000000001e-06, "yield": 1.74e-06}
2026-01-21 16:24:33,888 [INFO] Arbitrage_Pulse: {"cpu_utilization_percent": 4.4, "memory_utilization_percent": 70.5, "power_mw": 24.0, "mode": "PHYSICAL", "gpu": null, "profit_hr": 3.2400000000000003e-06, "yield": 1.44e-06}
2026-01-21 16:24:40,463 [INFO] Arbitrage_Pulse: {"cpu_utilization_percent": 3.4, "memory_utilization_percent": 70.5, "power_mw": 54.0, "mode": "PHYSICAL", "gpu": null, "profit_hr": 7.2900000000000005e-06, "yield": 3.24e-06}
2026-01-21 16:24:47,036 [INFO] Arbitrage_Pulse: {"cpu_utilization_percent": 4.6, "memory_utilization_percent": 70.6, "power_mw": 374.0, "mode": "PHYSICAL", "gpu": null, "profit_hr": 5.049e-05, "yield": 2.2440000000000002e-05}
2026-01-21 16:24:53,606 [INFO] Arbitrage_Pulse: {"cpu_utilization_percent": 12.4, "memory_utilization_percent": 71.0, "power_mw": 356.0, "mode": "PHYSICAL", "gpu": null, "profit_hr": 4.806e-05, "yield": 2.136e-05}
2026-01-21 16:25:00,184 [INFO] Arbitrage_Pulse: {"cpu_utilization_percent": 12.7, "memory_utilization_percent": 70.7, "power_mw": 277.0, "mode": "PHYSICAL", "gpu": null, "profit_hr": 3.7395000000000004e-05, "yield": 1.6620000000000004e-05}
2026-01-21 16:25:06,756 [INFO] Arbitrage_Pulse: {"cpu_utilization_percent": 12.5, "memory_utilization_percent": 70.6, "power_mw": 286.0, "mode": "PHYSICAL", "gpu": null, "profit_hr": 3.8610000000000005e-05, "yield": 1.7160000000000002e-05}
2026-01-21 16:25:13,327 [INFO] Arbitrage_Pulse: {"cpu_utilization_percent": 13.3, "memory_utilization_percent": 70.6, "power_mw": 273.0, "mode": "PHYSICAL", "gpu": null, "profit_hr": 3.6855000000000005e-05, "yield": 1.6380000000000002e-05}
2026-01-21 16:25:19,901 [INFO] Arbitrage_Pulse: {"cpu_utilization_percent": 11.9, "memory_utilization_percent": 70.6, "power_mw": 287.0, "mode": "PHYSICAL", "gpu": null, "profit_hr": 3.8745e-05, "yield": 1.7219999999999998e-05}
2026-01-21 16:25:26,466 [INFO] Arbitrage_Pulse: {"cpu_utilization_percent": 12.0, "memory_utilization_percent": 70.6, "power_mw": 261.0, "mode": "PHYSICAL", "gpu": null, "profit_hr": 3.5235000000000004e-05, "yield": 1.5660000000000003e-05}
2026-01-21 16:25:33,033 [INFO] Arbitrage_Pulse: {"cpu_utilization_percent": 11.9, "memory_utilization_percent": 70.7, "power_mw": 264.0, "mode": "PHYSICAL", "gpu": null, "profit_hr": 3.5640000000000004e-05, "yield": 1.584e-05}
2026-01-21 16:25:39,608 [INFO] Arbitrage_Pulse: {"cpu_utilization_percent": 11.9, "memory_utilization_percent": 70.7, "power_mw": 272.0, "mode": "PHYSICAL", "gpu": null, "profit_hr": 3.672e-05, "yield": 1.6320000000000003e-05}
2026-01-21 16:25:46,181 [INFO] Arbitrage_Pulse: {"cpu_utilization_percent": 11.9, "memory_utilization_percent": 70.7, "power_mw": 151.0, "mode": "PHYSICAL", "gpu": null, "profit_hr": 2.0385000000000002e-05, "yield": 9.060000000000001e-06}
2026-01-21 16:25:52,768 [INFO] Arbitrage_Pulse: {"cpu_utilization_percent": 11.5, "memory_utilization_percent": 70.6, "power_mw": 459.0, "mode": "PHYSICAL", "gpu": null, "profit_hr": 6.196500000000001e-05, "yield": 2.7539999999999997e-05}
2026-01-21 16:25:59,340 [INFO] Arbitrage_Pulse: {"cpu_utilization_percent": 16.5, "memory_utilization_percent": 70.9, "power_mw": 272.0, "mode": "PHYSICAL", "gpu": null, "profit_hr": 3.672e-05, "yield": 1.6320000000000003e-05}
2026-01-21 16:26:05,912 [INFO] Arbitrage_Pulse: {"cpu_utilization_percent": 12.3, "memory_utilization_percent": 70.7, "power_mw": 142.0, "mode": "PHYSICAL", "gpu": null, "profit_hr": 1.917e-05, "yield": 8.520000000000001e-06}
2026-01-21 16:26:12,482 [INFO] Arbitrage_Pulse: {"cpu_utilization_percent": 11.4, "memory_utilization_percent": 70.7, "power_mw": 137.0, "mode": "PHYSICAL", "gpu": null, "profit_hr": 1.8495e-05, "yield": 8.22e-06}
2026-01-21 16:26:19,055 [INFO] Arbitrage_Pulse: {"cpu_utilization_percent": 11.2, "memory_utilization_percent": 70.7, "power_mw": 134.0, "mode": "PHYSICAL", "gpu": null, "profit_hr": 1.809e-05, "yield": 8.040000000000001e-06}
2026-01-21 16:26:25,628 [INFO] Arbitrage_Pulse: {"cpu_utilization_percent": 11.6, "memory_utilization_percent": 70.7, "power_mw": 157.0, "mode": "PHYSICAL", "gpu": null, "profit_hr": 2.1195e-05, "yield": 9.42e-06}
2026-01-21 16:26:32,257 [INFO] Arbitrage_Pulse: {"cpu_utilization_percent": 11.2, "memory_utilization_percent": 70.7, "power_mw": 262.0, "mode": "PHYSICAL", "gpu": null, "profit_hr": 3.537000000000001e-05, "yield": 1.5720000000000002e-05}
2026-01-21 16:26:38,830 [INFO] Arbitrage_Pulse: {"cpu_utilization_percent": 13.0, "memory_utilization_percent": 70.7, "power_mw": 266.0, "mode": "PHYSICAL", "gpu": null, "profit_hr": 3.591000000000001e-05, "yield": 1.596e-05}
2026-01-21 16:26:45,398 [INFO] Arbitrage_Pulse: {"cpu_utilization_percent": 11.6, "memory_utilization_percent": 70.7, "power_mw": 265.0, "mode": "PHYSICAL", "gpu": null, "profit_hr": 3.5775e-05, "yield": 1.59e-05}
2026-01-21 16:26:51,972 [INFO] Arbitrage_Pulse: {"cpu_utilization_percent": 11.8, "memory_utilization_percent": 70.7, "power_mw": 301.0, "mode": "PHYSICAL", "gpu": null, "profit_hr": 4.0635e-05, "yield": 1.806e-05}
2026-01-21 16:26:58,542 [INFO] Arbitrage_Pulse: {"cpu_utilization_percent": 13.2, "memory_utilization_percent": 70.7, "power_mw": 1648.0, "mode": "PHYSICAL", "gpu": null, "profit_hr": 0.00022248, "yield": 9.888e-05}
2026-01-21 16:27:05,113 [INFO] Arbitrage_Pulse: {"cpu_utilization_percent": 17.9, "memory_utilization_percent": 71.5, "power_mw": 559.0, "mode": "PHYSICAL", "gpu": null, "profit_hr": 7.546500000000001e-05, "yield": 3.354e-05}
2026-01-21 16:27:11,684 [INFO] Arbitrage_Pulse: {"cpu_utilization_percent": 13.6, "memory_utilization_percent": 72.5, "power_mw": 551.0, "mode": "PHYSICAL", "gpu": null, "profit_hr": 7.4385e-05, "yield": 3.306e-05}
2026-01-21 16:27:18,399 [INFO] Arbitrage_Pulse: {"cpu_utilization_percent": 13.4, "memory_utilization_percent": 72.0, "power_mw": 4175.0, "mode": "PHYSICAL", "gpu": null, "profit_hr": 0.000563625, "yield": 0.0002505}
2026-01-21 16:27:25,006 [INFO] Arbitrage_Pulse: {"cpu_utilization_percent": 30.7, "memory_utilization_percent": 72.5, "power_mw": 1407.0, "mode": "PHYSICAL", "gpu": null, "profit_hr": 0.000189945, "yield": 8.442000000000001e-05}
2026-01-21 16:27:31,581 [INFO] Arbitrage_Pulse: {"cpu_utilization_percent": 21.1, "memory_utilization_percent": 71.5, "power_mw": 2423.0, "mode": "PHYSICAL", "gpu": null, "profit_hr": 0.000327105, "yield": 0.00014537999999999997}
2026-01-21 16:27:38,154 [INFO] Arbitrage_Pulse: {"cpu_utilization_percent": 30.4, "memory_utilization_percent": 74.4, "power_mw": 637.0, "mode": "PHYSICAL", "gpu": null, "profit_hr": 8.5995e-05, "yield": 3.822e-05}
2026-01-21 16:27:44,735 [INFO] Arbitrage_Pulse: {"cpu_utilization_percent": 22.5, "memory_utilization_percent": 73.7, "power_mw": 532.0, "mode": "PHYSICAL", "gpu": null, "profit_hr": 7.182000000000001e-05, "yield": 3.192e-05}
2026-01-21 16:27:51,299 [INFO] Arbitrage_Pulse: {"cpu_utilization_percent": 22.8, "memory_utilization_percent": 73.8, "power_mw": 138.0, "mode": "PHYSICAL", "gpu": null, "profit_hr": 1.863e-05, "yield": 8.279999999999999e-06}
2026-01-21 16:27:57,869 [INFO] Arbitrage_Pulse: {"cpu_utilization_percent": 12.4, "memory_utilization_percent": 73.9, "power_mw": 573.0, "mode": "PHYSICAL", "gpu": null, "profit_hr": 7.735500000000001e-05, "yield": 3.4380000000000006e-05}
2026-01-21 16:28:04,438 [INFO] Arbitrage_Pulse: {"cpu_utilization_percent": 19.4, "memory_utilization_percent": 74.1, "power_mw": 636.0, "mode": "PHYSICAL", "gpu": null, "profit_hr": 8.586e-05, "yield": 3.816e-05}
2026-01-21 16:28:11,006 [INFO] Arbitrage_Pulse: {"cpu_utilization_percent": 22.0, "memory_utilization_percent": 74.1, "power_mw": 132.0, "mode": "PHYSICAL", "gpu": null, "profit_hr": 1.7820000000000002e-05, "yield": 7.92e-06}
2026-01-21 16:28:17,572 [INFO] Arbitrage_Pulse: {"cpu_utilization_percent": 12.8, "memory_utilization_percent": 74.3, "power_mw": 360.0, "mode": "PHYSICAL", "gpu": null, "profit_hr": 4.860000000000001e-05, "yield": 2.1600000000000003e-05}
2026-01-21 16:28:24,142 [INFO] Arbitrage_Pulse: {"cpu_utilization_percent": 16.8, "memory_utilization_percent": 74.2, "power_mw": 650.0, "mode": "PHYSICAL", "gpu": null, "profit_hr": 8.775e-05, "yield": 3.9e-05}
2026-01-21 16:28:30,710 [INFO] Arbitrage_Pulse: {"cpu_utilization_percent": 22.0, "memory_utilization_percent": 74.2, "power_mw": 237.0, "mode": "PHYSICAL", "gpu": null, "profit_hr": 3.1995e-05, "yield": 1.422e-05}
2026-01-21 16:28:37,283 [INFO] Arbitrage_Pulse: {"cpu_utilization_percent": 13.9, "memory_utilization_percent": 74.4, "power_mw": 270.0, "mode": "PHYSICAL", "gpu": null, "profit_hr": 3.6450000000000005e-05, "yield": 1.62e-05}
2026-01-21 16:28:43,898 [INFO] Arbitrage_Pulse: {"cpu_utilization_percent": 16.7, "memory_utilization_percent": 74.2, "power_mw": 442.0, "mode": "PHYSICAL", "gpu": null, "profit_hr": 5.967e-05, "yield": 2.652e-05}
2026-01-21 16:28:50,469 [INFO] Arbitrage_Pulse: {"cpu_utilization_percent": 22.4, "memory_utilization_percent": 74.3, "power_mw": 254.0, "mode": "PHYSICAL", "gpu": null, "profit_hr": 3.429e-05, "yield": 1.524e-05}
2026-01-21 16:28:57,039 [INFO] Arbitrage_Pulse: {"cpu_utilization_percent": 17.0, "memory_utilization_percent": 74.2, "power_mw": 226.0, "mode": "PHYSICAL", "gpu": null, "profit_hr": 3.051e-05, "yield": 1.3559999999999999e-05}
2026-01-21 16:29:03,606 [INFO] Arbitrage_Pulse: {"cpu_utilization_percent": 14.7, "memory_utilization_percent": 74.0, "power_mw": 721.0, "mode": "PHYSICAL", "gpu": null, "profit_hr": 9.7335e-05, "yield": 4.326e-05}
2026-01-21 16:29:10,183 [INFO] Arbitrage_Pulse: {"cpu_utilization_percent": 22.6, "memory_utilization_percent": 74.2, "power_mw": 538.0, "mode": "PHYSICAL", "gpu": null, "profit_hr": 7.263e-05, "yield": 3.2279999999999996e-05}
2026-01-21 16:29:16,803 [INFO] Arbitrage_Pulse: {"cpu_utilization_percent": 15.7, "memory_utilization_percent": 74.1, "power_mw": 164.0, "mode": "PHYSICAL", "gpu": null, "profit_hr": 2.214e-05, "yield": 9.84e-06}
2026-01-21 16:29:23,371 [INFO] Arbitrage_Pulse: {"cpu_utilization_percent": 15.1, "memory_utilization_percent": 74.2, "power_mw": 624.0, "mode": "PHYSICAL", "gpu": null, "profit_hr": 8.424e-05, "yield": 3.744e-05}
2026-01-21 16:29:29,938 [INFO] Arbitrage_Pulse: {"cpu_utilization_percent": 22.1, "memory_utilization_percent": 74.0, "power_mw": 350.0, "mode": "PHYSICAL", "gpu": null, "profit_hr": 4.725e-05, "yield": 2.1e-05}
2026-01-21 16:29:36,508 [INFO] Arbitrage_Pulse: {"cpu_utilization_percent": 15.8, "memory_utilization_percent": 74.2, "power_mw": 219.0, "mode": "PHYSICAL", "gpu": null, "profit_hr": 2.9565000000000002e-05, "yield": 1.314e-05}
2026-01-21 16:29:43,099 [INFO] Arbitrage_Pulse: {"cpu_utilization_percent": 14.3, "memory_utilization_percent": 74.2, "power_mw": 662.0, "mode": "PHYSICAL", "gpu": null, "profit_hr": 8.937e-05, "yield": 3.9720000000000006e-05}
2026-01-21 16:29:49,667 [INFO] Arbitrage_Pulse: {"cpu_utilization_percent": 22.6, "memory_utilization_percent": 74.2, "power_mw": 370.0, "mode": "PHYSICAL", "gpu": null, "profit_hr": 4.995e-05, "yield": 2.22e-05}
2026-01-21 16:29:56,230 [INFO] Arbitrage_Pulse: {"cpu_utilization_percent": 16.1, "memory_utilization_percent": 74.2, "power_mw": 276.0, "mode": "PHYSICAL", "gpu": null, "profit_hr": 3.726e-05, "yield": 1.6559999999999997e-05}
2026-01-21 16:30:02,806 [INFO] Arbitrage_Pulse: {"cpu_utilization_percent": 15.0, "memory_utilization_percent": 74.1, "power_mw": 373.0, "mode": "PHYSICAL", "gpu": null, "profit_hr": 5.035500000000001e-05, "yield": 2.238e-05}
2026-01-21 16:30:09,375 [INFO] Arbitrage_Pulse: {"cpu_utilization_percent": 20.5, "memory_utilization_percent": 74.2, "power_mw": 495.0, "mode": "PHYSICAL", "gpu": null, "profit_hr": 6.6825e-05, "yield": 2.97e-05}
2026-01-21 16:30:15,947 [INFO] Arbitrage_Pulse: {"cpu_utilization_percent": 15.0, "memory_utilization_percent": 74.1, "power_mw": 136.0, "mode": "PHYSICAL", "gpu": null, "profit_hr": 1.836e-05, "yield": 8.160000000000001e-06}
2026-01-21 16:30:22,516 [INFO] Arbitrage_Pulse: {"cpu_utilization_percent": 7.1, "memory_utilization_percent": 74.1, "power_mw": 372.0, "mode": "PHYSICAL", "gpu": null, "profit_hr": 5.0220000000000004e-05, "yield": 2.232e-05}
2026-01-21 16:30:29,110 [INFO] Arbitrage_Pulse: {"cpu_utilization_percent": 11.6, "memory_utilization_percent": 74.4, "power_mw": 536.0, "mode": "PHYSICAL", "gpu": null, "profit_hr": 7.236e-05, "yield": 3.2160000000000004e-05}
2026-01-21 16:30:35,737 [INFO] Arbitrage_Pulse: {"cpu_utilization_percent": 17.5, "memory_utilization_percent": 73.9, "power_mw": 399.0, "mode": "PHYSICAL", "gpu": null, "profit_hr": 5.3865e-05, "yield": 2.394e-05}
2026-01-21 16:30:42,309 [INFO] Arbitrage_Pulse: {"cpu_utilization_percent": 19.6, "memory_utilization_percent": 73.8, "power_mw": 396.0, "mode": "PHYSICAL", "gpu": null, "profit_hr": 5.346e-05, "yield": 2.376e-05}
2026-01-21 16:30:48,888 [INFO] Arbitrage_Pulse: {"cpu_utilization_percent": 13.1, "memory_utilization_percent": 73.7, "power_mw": 162.0, "mode": "PHYSICAL", "gpu": null, "profit_hr": 2.1870000000000002e-05, "yield": 9.72e-06}
2026-01-21 16:30:55,512 [INFO] Arbitrage_Pulse: {"cpu_utilization_percent": 14.2, "memory_utilization_percent": 73.8, "power_mw": 675.0, "mode": "PHYSICAL", "gpu": null, "profit_hr": 9.1125e-05, "yield": 4.05e-05}
2026-01-21 16:31:02,086 [INFO] Arbitrage_Pulse: {"cpu_utilization_percent": 21.3, "memory_utilization_percent": 74.1, "power_mw": 423.0, "mode": "PHYSICAL", "gpu": null, "profit_hr": 5.7105e-05, "yield": 2.538e-05}
2026-01-21 16:31:08,661 [INFO] Arbitrage_Pulse: {"cpu_utilization_percent": 13.2, "memory_utilization_percent": 74.1, "power_mw": 266.0, "mode": "PHYSICAL", "gpu": null, "profit_hr": 3.591000000000001e-05, "yield": 1.596e-05}
2026-01-21 16:31:15,230 [INFO] Arbitrage_Pulse: {"cpu_utilization_percent": 13.7, "memory_utilization_percent": 74.0, "power_mw": 221.0, "mode": "PHYSICAL", "gpu": null, "profit_hr": 2.9835e-05, "yield": 1.326e-05}
2026-01-21 16:31:21,797 [INFO] Arbitrage_Pulse: {"cpu_utilization_percent": 14.1, "memory_utilization_percent": 73.8, "power_mw": 635.0, "mode": "PHYSICAL", "gpu": null, "profit_hr": 8.572500000000001e-05, "yield": 3.8100000000000005e-05}
2026-01-21 16:31:28,409 [INFO] Arbitrage_Pulse: {"cpu_utilization_percent": 22.0, "memory_utilization_percent": 73.9, "power_mw": 630.0, "mode": "PHYSICAL", "gpu": null, "profit_hr": 8.505000000000001e-05, "yield": 3.7800000000000004e-05}
2026-01-21 16:31:34,983 [INFO] Arbitrage_Pulse: {"cpu_utilization_percent": 22.7, "memory_utilization_percent": 73.9, "power_mw": 512.0, "mode": "PHYSICAL", "gpu": null, "profit_hr": 6.912e-05, "yield": 3.0720000000000004e-05}
2026-01-21 16:31:41,614 [INFO] Arbitrage_Pulse: {"cpu_utilization_percent": 20.4, "memory_utilization_percent": 74.1, "power_mw": 360.0, "mode": "PHYSICAL", "gpu": null, "profit_hr": 4.860000000000001e-05, "yield": 2.1600000000000003e-05}
2026-01-21 16:31:48,189 [INFO] Arbitrage_Pulse: {"cpu_utilization_percent": 16.6, "memory_utilization_percent": 74.0, "power_mw": 232.0, "mode": "PHYSICAL", "gpu": null, "profit_hr": 3.1320000000000005e-05, "yield": 1.392e-05}
2026-01-21 16:31:54,759 [INFO] Arbitrage_Pulse: {"cpu_utilization_percent": 13.6, "memory_utilization_percent": 74.0, "power_mw": 216.0, "mode": "PHYSICAL", "gpu": null, "profit_hr": 2.9160000000000002e-05, "yield": 1.296e-05}
2026-01-21 16:32:01,368 [INFO] Arbitrage_Pulse: {"cpu_utilization_percent": 13.2, "memory_utilization_percent": 74.0, "power_mw": 134.0, "mode": "PHYSICAL", "gpu": null, "profit_hr": 1.809e-05, "yield": 8.040000000000001e-06}
2026-01-21 16:32:07,935 [INFO] Arbitrage_Pulse: {"cpu_utilization_percent": 15.1, "memory_utilization_percent": 74.1, "power_mw": 2217.0, "mode": "PHYSICAL", "gpu": null, "profit_hr": 0.000299295, "yield": 0.00013301999999999997}
2026-01-21 16:32:14,496 [INFO] Arbitrage_Pulse: {"cpu_utilization_percent": 20.7, "memory_utilization_percent": 74.0, "power_mw": 761.0, "mode": "PHYSICAL", "gpu": null, "profit_hr": 0.000102735, "yield": 4.566e-05}
2026-01-21 16:32:21,057 [INFO] Arbitrage_Pulse: {"cpu_utilization_percent": 20.7, "memory_utilization_percent": 68.5, "power_mw": 365.0, "mode": "PHYSICAL", "gpu": null, "profit_hr": 4.9275e-05, "yield": 2.19e-05}
2026-01-21 16:32:27,626 [INFO] Arbitrage_Pulse: {"cpu_utilization_percent": 13.4, "memory_utilization_percent": 67.6, "power_mw": 35.0, "mode": "PHYSICAL", "gpu": null, "profit_hr": 4.725e-06, "yield": 2.1e-06}
2026-01-21 16:32:34,194 [INFO] Arbitrage_Pulse: {"cpu_utilization_percent": 5.0, "memory_utilization_percent": 67.5, "power_mw": 324.0, "mode": "PHYSICAL", "gpu": null, "profit_hr": 4.3740000000000005e-05, "yield": 1.944e-05}
2026-01-21 16:32:40,766 [INFO] Arbitrage_Pulse: {"cpu_utilization_percent": 9.2, "memory_utilization_percent": 67.6, "power_mw": 26.0, "mode": "PHYSICAL", "gpu": null, "profit_hr": 3.51e-06, "yield": 1.5599999999999999e-06}
2026-01-21 16:32:47,341 [INFO] Arbitrage_Pulse: {"cpu_utilization_percent": 3.9, "memory_utilization_percent": 67.4, "power_mw": 32.0, "mode": "PHYSICAL", "gpu": null, "profit_hr": 4.32e-06, "yield": 1.9200000000000003e-06}
2026-01-21 16:32:53,916 [INFO] Arbitrage_Pulse: {"cpu_utilization_percent": 4.1, "memory_utilization_percent": 67.5, "power_mw": 141.0, "mode": "PHYSICAL", "gpu": null, "profit_hr": 1.9035000000000003e-05, "yield": 8.46e-06}
2026-01-21 16:33:00,493 [INFO] Arbitrage_Pulse: {"cpu_utilization_percent": 9.0, "memory_utilization_percent": 69.1, "power_mw": 157.0, "mode": "PHYSICAL", "gpu": null, "profit_hr": 2.1195e-05, "yield": 9.42e-06}
2026-01-21 16:33:07,069 [INFO] Arbitrage_Pulse: {"cpu_utilization_percent": 7.8, "memory_utilization_percent": 68.3, "power_mw": 103.0, "mode": "PHYSICAL", "gpu": null, "profit_hr": 1.3905e-05, "yield": 6.18e-06}
2026-01-21 16:33:13,649 [INFO] Arbitrage_Pulse: {"cpu_utilization_percent": 7.4, "memory_utilization_percent": 68.1, "power_mw": 73.0, "mode": "PHYSICAL", "gpu": null, "profit_hr": 9.855000000000001e-06, "yield": 4.3799999999999996e-06}
2026-01-21 16:33:20,219 [INFO] Arbitrage_Pulse: {"cpu_utilization_percent": 6.1, "memory_utilization_percent": 68.2, "power_mw": 53.0, "mode": "PHYSICAL", "gpu": null, "profit_hr": 7.155000000000001e-06, "yield": 3.18e-06}
2026-01-21 16:33:26,791 [INFO] Arbitrage_Pulse: {"cpu_utilization_percent": 7.2, "memory_utilization_percent": 67.8, "power_mw": 92.0, "mode": "PHYSICAL", "gpu": null, "profit_hr": 1.2420000000000001e-05, "yield": 5.52e-06}
2026-01-21 16:33:33,360 [INFO] Arbitrage_Pulse: {"cpu_utilization_percent": 6.6, "memory_utilization_percent": 68.1, "power_mw": 32.0, "mode": "PHYSICAL", "gpu": null, "profit_hr": 4.32e-06, "yield": 1.9200000000000003e-06}
2026-01-21 16:33:39,937 [INFO] Arbitrage_Pulse: {"cpu_utilization_percent": 4.4, "memory_utilization_percent": 67.8, "power_mw": 72.0, "mode": "PHYSICAL", "gpu": null, "profit_hr": 9.72e-06, "yield": 4.320000000000001e-06}
2026-01-21 16:33:46,515 [INFO] Arbitrage_Pulse: {"cpu_utilization_percent": 5.1, "memory_utilization_percent": 68.1, "power_mw": 30.0, "mode": "PHYSICAL", "gpu": null, "profit_hr": 4.05e-06, "yield": 1.8000000000000001e-06}
2026-01-21 16:33:53,088 [INFO] Arbitrage_Pulse: {"cpu_utilization_percent": 4.1, "memory_utilization_percent": 67.9, "power_mw": 63.0, "mode": "PHYSICAL", "gpu": null, "profit_hr": 8.505e-06, "yield": 3.7800000000000002e-06}
2026-01-21 16:33:59,665 [INFO] Arbitrage_Pulse: {"cpu_utilization_percent": 5.6, "memory_utilization_percent": 68.0, "power_mw": 73.0, "mode": "PHYSICAL", "gpu": null, "profit_hr": 9.855000000000001e-06, "yield": 4.3799999999999996e-06}
2026-01-21 16:34:06,234 [INFO] Arbitrage_Pulse: {"cpu_utilization_percent": 6.5, "memory_utilization_percent": 67.9, "power_mw": 131.0, "mode": "PHYSICAL", "gpu": null, "profit_hr": 1.7685000000000004e-05, "yield": 7.860000000000001e-06}
2026-01-21 16:34:12,811 [INFO] Arbitrage_Pulse: {"cpu_utilization_percent": 7.7, "memory_utilization_percent": 68.1, "power_mw": 99.0, "mode": "PHYSICAL", "gpu": null, "profit_hr": 1.3365e-05, "yield": 5.94e-06}
2026-01-21 16:34:19,375 [INFO] Arbitrage_Pulse: {"cpu_utilization_percent": 8.0, "memory_utilization_percent": 68.3, "power_mw": 152.0, "mode": "PHYSICAL", "gpu": null, "profit_hr": 2.0520000000000003e-05, "yield": 9.12e-06}
2026-01-21 16:34:25,302 [INFO] Arbitrage_Pulse: {"cpu_utilization_percent": 8.5, "memory_utilization_percent": 68.7, "power_mw": 2125.0, "mode": "SIMULATED", "gpu": null, "profit_hr": 0.000286875, "yield": 0.0001275}
